This is pdfTeX, Version 3.14159265-2.6-1.40.21 (TeX Live 2020/W32TeX) (preloaded format=pdflatex 2020.12.3)  8 DEC 2020 19:50
entering extended mode
 restricted \write18 enabled.
 %&-line parsing enabled.
**86.tex
(./86.tex
LaTeX2e <2020-02-02> patch level 5
L3 programming layer <2020-03-06>
(c:/texlive/2020/texmf-dist/tex/latex/base/book.cls
Document Class: book 2019/12/20 v1.4l Standard LaTeX document class
(c:/texlive/2020/texmf-dist/tex/latex/base/bk10.clo
File: bk10.clo 2019/12/20 v1.4l Standard LaTeX file (size option)
)
\c@part=\count167
\c@chapter=\count168
\c@section=\count169
\c@subsection=\count170
\c@subsubsection=\count171
\c@paragraph=\count172
\c@subparagraph=\count173
\c@figure=\count174
\c@table=\count175
\abovecaptionskip=\skip47
\belowcaptionskip=\skip48
\bibindent=\dimen134
)
(c:/texlive/2020/texmf-dist/tex/latex/l3backend/l3backend-pdfmode.def
File: l3backend-pdfmode.def 2020-03-12 L3 backend support: PDF mode
\l__kernel_color_stack_int=\count176
\l__pdf_internal_box=\box45
)
No file 86.aux.
\openout1 = `86.aux'.

LaTeX Font Info:    Checking defaults for OML/cmm/m/it on input line 2.
LaTeX Font Info:    ... okay on input line 2.
LaTeX Font Info:    Checking defaults for OMS/cmsy/m/n on input line 2.
LaTeX Font Info:    ... okay on input line 2.
LaTeX Font Info:    Checking defaults for OT1/cmr/m/n on input line 2.
LaTeX Font Info:    ... okay on input line 2.
LaTeX Font Info:    Checking defaults for T1/cmr/m/n on input line 2.
LaTeX Font Info:    ... okay on input line 2.
LaTeX Font Info:    Checking defaults for TS1/cmr/m/n on input line 2.
LaTeX Font Info:    ... okay on input line 2.
LaTeX Font Info:    Checking defaults for OMX/cmex/m/n on input line 2.
LaTeX Font Info:    ... okay on input line 2.
LaTeX Font Info:    Checking defaults for U/cmr/m/n on input line 2.
LaTeX Font Info:    ... okay on input line 2.

Underfull \hbox (badness 10000) in paragraph at lines 10--11

 []

! Misplaced alignment tab character &.
l.12 group (Borg &
                   Gall, 1989; Cohen & Manion, 1994). In a structured interv...

? q
OK, entering \batchmode...
! Misplaced alignment tab character &.
l.12 group (Borg & Gall, 1989; Cohen &
                                       Manion, 1994). In a structured interv...
I can't figure out why you would want to use a tab mark
here. If you just want an ampersand, the remedy is
simple: Just type `I\&' now. But if some right brace
up above has ended a previous alignment prematurely,
you're probably due for more error messages, and you
might try typing `S' now just to see what is salvageable.

! Misplaced alignment tab character &.
l.52 interviews (e.g.,Fontana &
                                Frey, 1994; Lofland, 1971), we do make this ...
I can't figure out why you would want to use a tab mark
here. If you just want an ampersand, the remedy is
simple: Just type `I\&' now. But if some right brace
up above has ended a previous alignment prematurely,
you're probably due for more error messages, and you
might try typing `S' now just to see what is salvageable.


Underfull \hbox (badness 10000) in paragraph at lines 12--60

 []

 [1{c:/texlive/2020/texmf-var/fonts/map/pdftex/updmap/pdftex.map}

] [2] (./86.aux) ) 
Here is how much of TeX's memory you used:
 384 strings out of 480608
 6358 string characters out of 5907536
 246604 words of memory out of 5000000
 16358 multiletter control sequences out of 15000+600000
 533167 words of font info for 27 fonts, out of 8000000 for 9000
 1141 hyphenation exceptions out of 8191
 25i,4n,19p,135b,134s stack positions out of 5000i,500n,10000p,200000b,80000s
<c:/texlive/2020/texmf-dist/fonts/type1/public/amsfonts/cm/cm
bx10.pfb><c:/texlive/2020/texmf-dist/fonts/type1/public/amsfonts/cm/cmr10.pfb><
c:/texlive/2020/texmf-dist/fonts/type1/public/amsfonts/cm/cmtt10.pfb>
Output written on 86.pdf (2 pages, 47715 bytes).
PDF statistics:
 23 PDF objects out of 1000 (max. 8388607)
 15 compressed objects within 1 object stream
 0 named destinations out of 1000 (max. 500000)
 1 words of extra memory for PDF output out of 10000 (max. 10000000)

